<?xml version="1.0" encoding="UTF-8"?>
<testsuite xmlns:xsi="http://www.w3.org/2001/XMLSchema-instance" xsi:noNamespaceSchemaLocation="https://maven.apache.org/surefire/maven-surefire-plugin/xsd/surefire-test-report.xsd" name="de.rumford.tradingsystem.helper.ValueDateTupelTest" time="0.07" tests="38" errors="0" skipped="0" failures="0">
  <properties>
[...]
</properties>
  <testcase name="testIsSortedDescending_arrayNull" classname="de.rumford.tradingsystem.helper.ValueDateTupelTest" time="0"/>
  <testcase name="testContainsDate_unknownDate" classname="de.rumford.tradingsystem.helper.ValueDateTupelTest" time="0.003"/>
  <testcase name="testAlignDates" classname="de.rumford.tradingsystem.helper.ValueDateTupelTest" time="0"/>
  <testcase name="testIsSortedDescending" classname="de.rumford.tradingsystem.helper.ValueDateTupelTest" time="0"/>
  <testcase name="testAddOneAt_position_end" classname="de.rumford.tradingsystem.helper.ValueDateTupelTest" time="0"/>
  <testcase name="testGetDates" classname="de.rumford.tradingsystem.helper.ValueDateTupelTest" time="0"/>
  <testcase name="testalignDates_arrayContainsNull" classname="de.rumford.tradingsystem.helper.ValueDateTupelTest" time="0.008"/>
  <testcase name="testContains_unknownElement" classname="de.rumford.tradingsystem.helper.ValueDateTupelTest" time="0.001"/>
  <testcase name="testContainsDate" classname="de.rumford.tradingsystem.helper.ValueDateTupelTest" time="0"/>
  <testcase name="testAddOneAt_position_0" classname="de.rumford.tradingsystem.helper.ValueDateTupelTest" time="0.001"/>
  <testcase name="testGetValues_arrayNull" classname="de.rumford.tradingsystem.helper.ValueDateTupelTest" time="0.001"/>
  <testcase name="testAddOneAt_position_greater_arrayLength" classname="de.rumford.tradingsystem.helper.ValueDateTupelTest" time="0.01"/>
  <testcase name="testContainsDate_dateTimeNull" classname="de.rumford.tradingsystem.helper.ValueDateTupelTest" time="0"/>
  <testcase name="testIsSortedAscending_notInOrder" classname="de.rumford.tradingsystem.helper.ValueDateTupelTest" time="0"/>
  <testcase name="testalignDates_arrayNull" classname="de.rumford.tradingsystem.helper.ValueDateTupelTest" time="0.002"/>
  <testcase name="testCreateEmptyArray" classname="de.rumford.tradingsystem.helper.ValueDateTupelTest" time="0.001"/>
  <testcase name="testEqualsObject" classname="de.rumford.tradingsystem.helper.ValueDateTupelTest" time="0.001"/>
  <testcase name="testalignDates_arrayOfArraysNull" classname="de.rumford.tradingsystem.helper.ValueDateTupelTest" time="0.001"/>
  <testcase name="testCreateEmptyArrayInt" classname="de.rumford.tradingsystem.helper.ValueDateTupelTest" time="0.001"/>
  <testcase name="testContainsDate_arrayNull" classname="de.rumford.tradingsystem.helper.ValueDateTupelTest" time="0.001"/>
  <testcase name="testAddOneAt_position_negative" classname="de.rumford.tradingsystem.helper.ValueDateTupelTest" time="0.003"/>
  <testcase name="testContains" classname="de.rumford.tradingsystem.helper.ValueDateTupelTest" time="0"/>
  <testcase name="testIsSortedAscending_arrayNull" classname="de.rumford.tradingsystem.helper.ValueDateTupelTest" time="0"/>
  <testcase name="testContainsLocalDateTime_existingLocalDateTime" classname="de.rumford.tradingsystem.helper.ValueDateTupelTest" time="0"/>
  <testcase name="testalignDates" classname="de.rumford.tradingsystem.helper.ValueDateTupelTest" time="0.002"/>
  <testcase name="testIsSortedAscending_arrayContainsNull" classname="de.rumford.tradingsystem.helper.ValueDateTupelTest" time="0.002"/>
  <testcase name="testIsSortedAscending" classname="de.rumford.tradingsystem.helper.ValueDateTupelTest" time="0"/>
  <testcase name="testIsSortedDescending_notInOrder" classname="de.rumford.tradingsystem.helper.ValueDateTupelTest" time="0.001"/>
  <testcase name="testIsSortedDescending_arrayContainsNull" classname="de.rumford.tradingsystem.helper.ValueDateTupelTest" time="0.001"/>
  <testcase name="testAddOneAt_arrayNull" classname="de.rumford.tradingsystem.helper.ValueDateTupelTest" time="0.001"/>
  <testcase name="testGetValues" classname="de.rumford.tradingsystem.helper.ValueDateTupelTest" time="0"/>
  <testcase name="testalignDates_onlyNaN" classname="de.rumford.tradingsystem.helper.ValueDateTupelTest" time="0.002"/>
  <testcase name="testalignDates_arrayNotSortedAscending" classname="de.rumford.tradingsystem.helper.ValueDateTupelTest" time="0.001"/>
  <testcase name="testIsSortedAscending_twoEqualDates" classname="de.rumford.tradingsystem.helper.ValueDateTupelTest" time="0.001"/>
  <testcase name="testIsSortedDescending_twoEqualDates" classname="de.rumford.tradingsystem.helper.ValueDateTupelTest" time="0"/>
  <testcase name="testAddOneAt_position_between" classname="de.rumford.tradingsystem.helper.ValueDateTupelTest" time="0.001"/>
  <testcase name="testAddOneAt_valueNull" classname="de.rumford.tradingsystem.helper.ValueDateTupelTest" time="0.001"/>
  <testcase name="testGetDates_arrayNull" classname="de.rumford.tradingsystem.helper.ValueDateTupelTest" time="0.001"/>
</testsuite>