<?xml version="1.0" encoding="UTF-8"?>
<testsuite xmlns:xsi="http://www.w3.org/2001/XMLSchema-instance" xsi:noNamespaceSchemaLocation="https://maven.apache.org/surefire/maven-surefire-plugin/xsd/surefire-test-report.xsd" name="de.rumford.tradingsystem.DiversificationMultiplierTest" time="0.049" tests="14" errors="4" skipped="0" failures="8">
  <properties>
[...]
</properties>
  <testcase name="testDiversificationMultiplier_numberOfCorrelationRowsNotEqualColumns" classname="de.rumford.tradingsystem.DiversificationMultiplierTest" time="0.029">
    <failure message="Inequal number of correlation rows and columns are not being correctly handled ==&gt; Unexpected exception type thrown ==&gt; expected: &lt;java.lang.IllegalArgumentException&gt; but was: &lt;java.lang.ArrayIndexOutOfBoundsException&gt;" type="org.opentest4j.AssertionFailedError"><![CDATA[org.opentest4j.AssertionFailedError: Inequal number of correlation rows and columns are not being correctly handled ==> Unexpected exception type thrown ==> expected: <java.lang.IllegalArgumentException> but was: <java.lang.ArrayIndexOutOfBoundsException>
	at de.rumford.tradingsystem.DiversificationMultiplierTest.testDiversificationMultiplier_numberOfCorrelationRowsNotEqualColumns(DiversificationMultiplierTest.java:63)
Caused by: java.lang.ArrayIndexOutOfBoundsException: Index 0 out of bounds for length 0
	at de.rumford.tradingsystem.DiversificationMultiplierTest.lambda$2(DiversificationMultiplierTest.java:63)
	at de.rumford.tradingsystem.DiversificationMultiplierTest.testDiversificationMultiplier_numberOfCorrelationRowsNotEqualColumns(DiversificationMultiplierTest.java:63)
]]></failure>
  </testcase>
  <testcase name="testDiversificationMultiplier_negativeWeights" classname="de.rumford.tradingsystem.DiversificationMultiplierTest" time="0.001">
    <failure message="Negative weights are not being correctly handled ==&gt; Unexpected exception type thrown ==&gt; expected: &lt;java.lang.IllegalArgumentException&gt; but was: &lt;java.lang.ArrayIndexOutOfBoundsException&gt;" type="org.opentest4j.AssertionFailedError"><![CDATA[org.opentest4j.AssertionFailedError: Negative weights are not being correctly handled ==> Unexpected exception type thrown ==> expected: <java.lang.IllegalArgumentException> but was: <java.lang.ArrayIndexOutOfBoundsException>
	at de.rumford.tradingsystem.DiversificationMultiplierTest.testDiversificationMultiplier_negativeWeights(DiversificationMultiplierTest.java:87)
Caused by: java.lang.ArrayIndexOutOfBoundsException: Index 0 out of bounds for length 0
	at de.rumford.tradingsystem.DiversificationMultiplierTest.lambda$4(DiversificationMultiplierTest.java:87)
	at de.rumford.tradingsystem.DiversificationMultiplierTest.testDiversificationMultiplier_negativeWeights(DiversificationMultiplierTest.java:87)
]]></failure>
  </testcase>
  <testcase name="testGetValue" classname="de.rumford.tradingsystem.DiversificationMultiplierTest" time="0.001">
    <error message="Index 0 out of bounds for length 0" type="java.lang.ArrayIndexOutOfBoundsException">java.lang.ArrayIndexOutOfBoundsException: Index 0 out of bounds for length 0
	at de.rumford.tradingsystem.DiversificationMultiplierTest.testGetValue(DiversificationMultiplierTest.java:133)
</error>
  </testcase>
  <testcase name="testGetCorrelations" classname="de.rumford.tradingsystem.DiversificationMultiplierTest" time="0.001">
    <error message="Index 0 out of bounds for length 0" type="java.lang.ArrayIndexOutOfBoundsException">java.lang.ArrayIndexOutOfBoundsException: Index 0 out of bounds for length 0
	at de.rumford.tradingsystem.DiversificationMultiplierTest.testGetCorrelations(DiversificationMultiplierTest.java:201)
</error>
  </testcase>
  <testcase name="testGetValue_incorrectPopulationOfWeights" classname="de.rumford.tradingsystem.DiversificationMultiplierTest" time="0.001"/>
  <testcase name="testGetValue_incorrectPopulationOfCorrelations" classname="de.rumford.tradingsystem.DiversificationMultiplierTest" time="0"/>
  <testcase name="testDiversificationMultiplier_noWeights" classname="de.rumford.tradingsystem.DiversificationMultiplierTest" time="0.001">
    <failure message="No weights are not being correctly handled ==&gt; Unexpected exception type thrown ==&gt; expected: &lt;java.lang.IllegalArgumentException&gt; but was: &lt;java.lang.ArrayIndexOutOfBoundsException&gt;" type="org.opentest4j.AssertionFailedError"><![CDATA[org.opentest4j.AssertionFailedError: No weights are not being correctly handled ==> Unexpected exception type thrown ==> expected: <java.lang.IllegalArgumentException> but was: <java.lang.ArrayIndexOutOfBoundsException>
	at de.rumford.tradingsystem.DiversificationMultiplierTest.testDiversificationMultiplier_noWeights(DiversificationMultiplierTest.java:51)
Caused by: java.lang.ArrayIndexOutOfBoundsException: Index 0 out of bounds for length 0
	at de.rumford.tradingsystem.DiversificationMultiplierTest.lambda$1(DiversificationMultiplierTest.java:51)
	at de.rumford.tradingsystem.DiversificationMultiplierTest.testDiversificationMultiplier_noWeights(DiversificationMultiplierTest.java:51)
]]></failure>
  </testcase>
  <testcase name="testDiversificationMultiplier_invalidSelfCorrelations" classname="de.rumford.tradingsystem.DiversificationMultiplierTest" time="0.002">
    <failure message="Invalid self correlations are not being correctly handled ==&gt; Unexpected exception type thrown ==&gt; expected: &lt;java.lang.IllegalArgumentException&gt; but was: &lt;java.lang.ArrayIndexOutOfBoundsException&gt;" type="org.opentest4j.AssertionFailedError"><![CDATA[org.opentest4j.AssertionFailedError: Invalid self correlations are not being correctly handled ==> Unexpected exception type thrown ==> expected: <java.lang.IllegalArgumentException> but was: <java.lang.ArrayIndexOutOfBoundsException>
	at de.rumford.tradingsystem.DiversificationMultiplierTest.testDiversificationMultiplier_invalidSelfCorrelations(DiversificationMultiplierTest.java:123)
Caused by: java.lang.ArrayIndexOutOfBoundsException: Index 0 out of bounds for length 0
	at de.rumford.tradingsystem.DiversificationMultiplierTest.lambda$7(DiversificationMultiplierTest.java:123)
	at de.rumford.tradingsystem.DiversificationMultiplierTest.testDiversificationMultiplier_invalidSelfCorrelations(DiversificationMultiplierTest.java:123)
]]></failure>
  </testcase>
  <testcase name="testDiversificationMultiplier" classname="de.rumford.tradingsystem.DiversificationMultiplierTest" time="0.001">
    <error message="Index 0 out of bounds for length 0" type="java.lang.ArrayIndexOutOfBoundsException">java.lang.ArrayIndexOutOfBoundsException: Index 0 out of bounds for length 0
	at de.rumford.tradingsystem.DiversificationMultiplierTest.testDiversificationMultiplier(DiversificationMultiplierTest.java:26)
</error>
  </testcase>
  <testcase name="testDiversificationMultiplier_noCorrelations" classname="de.rumford.tradingsystem.DiversificationMultiplierTest" time="0.001">
    <failure message="No correlations are not being correctly handled ==&gt; Unexpected exception type thrown ==&gt; expected: &lt;java.lang.IllegalArgumentException&gt; but was: &lt;java.lang.ArrayIndexOutOfBoundsException&gt;" type="org.opentest4j.AssertionFailedError"><![CDATA[org.opentest4j.AssertionFailedError: No correlations are not being correctly handled ==> Unexpected exception type thrown ==> expected: <java.lang.IllegalArgumentException> but was: <java.lang.ArrayIndexOutOfBoundsException>
	at de.rumford.tradingsystem.DiversificationMultiplierTest.testDiversificationMultiplier_noCorrelations(DiversificationMultiplierTest.java:39)
Caused by: java.lang.ArrayIndexOutOfBoundsException: Index 0 out of bounds for length 0
	at de.rumford.tradingsystem.DiversificationMultiplierTest.lambda$0(DiversificationMultiplierTest.java:39)
	at de.rumford.tradingsystem.DiversificationMultiplierTest.testDiversificationMultiplier_noCorrelations(DiversificationMultiplierTest.java:39)
]]></failure>
  </testcase>
  <testcase name="testDiversificationMultiplier_assymetricalCorrelationsMatrix" classname="de.rumford.tradingsystem.DiversificationMultiplierTest" time="0">
    <failure message="Assymetrical correlations matrix is not being correctly handled ==&gt; Unexpected exception type thrown ==&gt; expected: &lt;java.lang.IllegalArgumentException&gt; but was: &lt;java.lang.ArrayIndexOutOfBoundsException&gt;" type="org.opentest4j.AssertionFailedError"><![CDATA[org.opentest4j.AssertionFailedError: Assymetrical correlations matrix is not being correctly handled ==> Unexpected exception type thrown ==> expected: <java.lang.IllegalArgumentException> but was: <java.lang.ArrayIndexOutOfBoundsException>
	at de.rumford.tradingsystem.DiversificationMultiplierTest.testDiversificationMultiplier_assymetricalCorrelationsMatrix(DiversificationMultiplierTest.java:111)
Caused by: java.lang.ArrayIndexOutOfBoundsException: Index 0 out of bounds for length 0
	at de.rumford.tradingsystem.DiversificationMultiplierTest.lambda$6(DiversificationMultiplierTest.java:111)
	at de.rumford.tradingsystem.DiversificationMultiplierTest.testDiversificationMultiplier_assymetricalCorrelationsMatrix(DiversificationMultiplierTest.java:111)
]]></failure>
  </testcase>
  <testcase name="testGetWeights" classname="de.rumford.tradingsystem.DiversificationMultiplierTest" time="0">
    <error message="Index 0 out of bounds for length 0" type="java.lang.ArrayIndexOutOfBoundsException">java.lang.ArrayIndexOutOfBoundsException: Index 0 out of bounds for length 0
	at de.rumford.tradingsystem.DiversificationMultiplierTest.testGetWeights(DiversificationMultiplierTest.java:187)
</error>
  </testcase>
  <testcase name="testDiversificationMultiplier_weightsDontAddUpTo1" classname="de.rumford.tradingsystem.DiversificationMultiplierTest" time="0.002">
    <failure message="Weights not adding up to 1 is not being correctly handled ==&gt; Unexpected exception type thrown ==&gt; expected: &lt;java.lang.IllegalArgumentException&gt; but was: &lt;java.lang.ArrayIndexOutOfBoundsException&gt;" type="org.opentest4j.AssertionFailedError"><![CDATA[org.opentest4j.AssertionFailedError: Weights not adding up to 1 is not being correctly handled ==> Unexpected exception type thrown ==> expected: <java.lang.IllegalArgumentException> but was: <java.lang.ArrayIndexOutOfBoundsException>
	at de.rumford.tradingsystem.DiversificationMultiplierTest.testDiversificationMultiplier_weightsDontAddUpTo1(DiversificationMultiplierTest.java:99)
Caused by: java.lang.ArrayIndexOutOfBoundsException: Index 0 out of bounds for length 0
	at de.rumford.tradingsystem.DiversificationMultiplierTest.lambda$5(DiversificationMultiplierTest.java:99)
	at de.rumford.tradingsystem.DiversificationMultiplierTest.testDiversificationMultiplier_weightsDontAddUpTo1(DiversificationMultiplierTest.java:99)
]]></failure>
  </testcase>
  <testcase name="testDiversificationMultiplier_numberOfWeightsNotEqualNumberOfCorrelations" classname="de.rumford.tradingsystem.DiversificationMultiplierTest" time="0.002">
    <failure message="Inequal number of correlations and weights is not being correctly handled ==&gt; Unexpected exception type thrown ==&gt; expected: &lt;java.lang.IllegalArgumentException&gt; but was: &lt;java.lang.ArrayIndexOutOfBoundsException&gt;" type="org.opentest4j.AssertionFailedError"><![CDATA[org.opentest4j.AssertionFailedError: Inequal number of correlations and weights is not being correctly handled ==> Unexpected exception type thrown ==> expected: <java.lang.IllegalArgumentException> but was: <java.lang.ArrayIndexOutOfBoundsException>
	at de.rumford.tradingsystem.DiversificationMultiplierTest.testDiversificationMultiplier_numberOfWeightsNotEqualNumberOfCorrelations(DiversificationMultiplierTest.java:75)
Caused by: java.lang.ArrayIndexOutOfBoundsException: Index 0 out of bounds for length 0
	at de.rumford.tradingsystem.DiversificationMultiplierTest.lambda$3(DiversificationMultiplierTest.java:75)
	at de.rumford.tradingsystem.DiversificationMultiplierTest.testDiversificationMultiplier_numberOfWeightsNotEqualNumberOfCorrelations(DiversificationMultiplierTest.java:75)
]]></failure>
  </testcase>
</testsuite>