<?xml version="1.0" encoding="UTF-8"?>
<testsuite xmlns:xsi="http://www.w3.org/2001/XMLSchema-instance" xsi:noNamespaceSchemaLocation="https://maven.apache.org/surefire/maven-surefire-plugin/xsd/surefire-test-report.xsd" name="de.rumford.tradingsystem.helper.DataSourceTest" time="0.099" tests="15" errors="0" skipped="0" failures="0">
  <properties>
[...]
</properties>
  <testcase name="testGetDataFromCsv_second_non_integer" classname="de.rumford.tradingsystem.helper.DataSourceTest" time="0.033"/>
  <testcase name="testGetDataFromCsv_fileName_null" classname="de.rumford.tradingsystem.helper.DataSourceTest" time="0.001"/>
  <testcase name="testGetDataFromCsv_year_non_integer" classname="de.rumford.tradingsystem.helper.DataSourceTest" time="0.003"/>
  <testcase name="testGetDataFromCsv_directory" classname="de.rumford.tradingsystem.helper.DataSourceTest" time="0.001"/>
  <testcase name="testGetDataFromCsv_EU_ok" classname="de.rumford.tradingsystem.helper.DataSourceTest" time="0.004"/>
  <testcase name="testGetDataFromCsv_US_ok" classname="de.rumford.tradingsystem.helper.DataSourceTest" time="0.003"/>
  <testcase name="testGetDataFromCsv_course_value_invalid" classname="de.rumford.tradingsystem.helper.DataSourceTest" time="0.002"/>
  <testcase name="testGetDataFromCsv_hour_non_integer" classname="de.rumford.tradingsystem.helper.DataSourceTest" time="0.002"/>
  <testcase name="testGetDataFromCsv_date_out_of_range" classname="de.rumford.tradingsystem.helper.DataSourceTest" time="0.02"/>
  <testcase name="testGetDataFromCsv_day_non_integer" classname="de.rumford.tradingsystem.helper.DataSourceTest" time="0.003"/>
  <testcase name="testGetDataFromCsv_headings" classname="de.rumford.tradingsystem.helper.DataSourceTest" time="0.002"/>
  <testcase name="testGetDataFromCsv_nonExistant_file" classname="de.rumford.tradingsystem.helper.DataSourceTest" time="0.001"/>
  <testcase name="testGetDataFromCsv_four_columns" classname="de.rumford.tradingsystem.helper.DataSourceTest" time="0.002"/>
  <testcase name="testGetDataFromCsv_minute_non_integer" classname="de.rumford.tradingsystem.helper.DataSourceTest" time="0.002"/>
  <testcase name="testGetDataFromCsv_month_non_integer" classname="de.rumford.tradingsystem.helper.DataSourceTest" time="0.002"/>
</testsuite>